The system is: Linux - 3.12.28+ - armv6l
Compiling the C compiler identification source file "CMakeCCompilerId.c" succeeded.
Compiler: /usr/bin/gcc 
Build flags: 
Id flags: 

The output was:
0


Compilation of the C compiler identification source "CMakeCCompilerId.c" produced "a.out"

The C compiler identification is GNU, found in "/home/megaf/MinetestPi-Raspbian/build/raspberrypi/CMakeFiles/CompilerIdC/a.out"

Compiling the CXX compiler identification source file "CMakeCXXCompilerId.cpp" succeeded.
Compiler: /usr/bin/c++ 
Build flags: 
Id flags: 

The output was:
0


Compilation of the CXX compiler identification source "CMakeCXXCompilerId.cpp" produced "a.out"

The CXX compiler identification is GNU, found in "/home/megaf/MinetestPi-Raspbian/build/raspberrypi/CMakeFiles/CompilerIdCXX/a.out"

Determining if the C compiler works passed with the following output:
Change Dir: /home/megaf/MinetestPi-Raspbian/build/raspberrypi/CMakeFiles/CMakeTmp

Run Build Command:/usr/bin/make "cmTryCompileExec1493306940/fast"
/usr/bin/make -f CMakeFiles/cmTryCompileExec1493306940.dir/build.make CMakeFiles/cmTryCompileExec1493306940.dir/build
make[1]: Entering directory '/home/megaf/MinetestPi-Raspbian/build/raspberrypi/CMakeFiles/CMakeTmp'
/usr/bin/cmake -E cmake_progress_report /home/megaf/MinetestPi-Raspbian/build/raspberrypi/CMakeFiles/CMakeTmp/CMakeFiles 1
Building C object CMakeFiles/cmTryCompileExec1493306940.dir/testCCompiler.c.o
/usr/bin/gcc    -o CMakeFiles/cmTryCompileExec1493306940.dir/testCCompiler.c.o   -c /home/megaf/MinetestPi-Raspbian/build/raspberrypi/CMakeFiles/CMakeTmp/testCCompiler.c
Linking C executable cmTryCompileExec1493306940
/usr/bin/cmake -E cmake_link_script CMakeFiles/cmTryCompileExec1493306940.dir/link.txt --verbose=1
/usr/bin/gcc         CMakeFiles/cmTryCompileExec1493306940.dir/testCCompiler.c.o  -o cmTryCompileExec1493306940 -rdynamic 
make[1]: Leaving directory '/home/megaf/MinetestPi-Raspbian/build/raspberrypi/CMakeFiles/CMakeTmp'


Detecting C compiler ABI info compiled with the following output:
Change Dir: /home/megaf/MinetestPi-Raspbian/build/raspberrypi/CMakeFiles/CMakeTmp

Run Build Command:/usr/bin/make "cmTryCompileExec207971010/fast"
/usr/bin/make -f CMakeFiles/cmTryCompileExec207971010.dir/build.make CMakeFiles/cmTryCompileExec207971010.dir/build
make[1]: Entering directory '/home/megaf/MinetestPi-Raspbian/build/raspberrypi/CMakeFiles/CMakeTmp'
/usr/bin/cmake -E cmake_progress_report /home/megaf/MinetestPi-Raspbian/build/raspberrypi/CMakeFiles/CMakeTmp/CMakeFiles 1
Building C object CMakeFiles/cmTryCompileExec207971010.dir/CMakeCCompilerABI.c.o
/usr/bin/gcc    -o CMakeFiles/cmTryCompileExec207971010.dir/CMakeCCompilerABI.c.o   -c /usr/share/cmake-2.8/Modules/CMakeCCompilerABI.c
Linking C executable cmTryCompileExec207971010
/usr/bin/cmake -E cmake_link_script CMakeFiles/cmTryCompileExec207971010.dir/link.txt --verbose=1
/usr/bin/gcc       -v CMakeFiles/cmTryCompileExec207971010.dir/CMakeCCompilerABI.c.o  -o cmTryCompileExec207971010 -rdynamic  
Using built-in specs.
COLLECT_GCC=/usr/bin/gcc
COLLECT_LTO_WRAPPER=/usr/lib/gcc/arm-linux-gnueabihf/4.6/lto-wrapper
Target: arm-linux-gnueabihf
Configured with: ../src/configure -v --with-pkgversion='Debian 4.6.3-14+rpi1' --with-bugurl=file:///usr/share/doc/gcc-4.6/README.Bugs --enable-languages=c,c++,fortran,objc,obj-c++ --prefix=/usr --program-suffix=-4.6 --enable-shared --enable-linker-build-id --with-system-zlib --libexecdir=/usr/lib --without-included-gettext --enable-threads=posix --with-gxx-include-dir=/usr/include/c++/4.6 --libdir=/usr/lib --enable-nls --with-sysroot=/ --enable-clocale=gnu --enable-libstdcxx-debug --enable-libstdcxx-time=yes --enable-gnu-unique-object --enable-plugin --enable-objc-gc --disable-sjlj-exceptions --with-arch=armv6 --with-fpu=vfp --with-float=hard --enable-checking=release --build=arm-linux-gnueabihf --host=arm-linux-gnueabihf --target=arm-linux-gnueabihf
Thread model: posix
gcc version 4.6.3 (Debian 4.6.3-14+rpi1) 
COMPILER_PATH=/usr/lib/gcc/arm-linux-gnueabihf/4.6/:/usr/lib/gcc/arm-linux-gnueabihf/4.6/:/usr/lib/gcc/arm-linux-gnueabihf/:/usr/lib/gcc/arm-linux-gnueabihf/4.6/:/usr/lib/gcc/arm-linux-gnueabihf/
LIBRARY_PATH=/usr/lib/gcc/arm-linux-gnueabihf/4.6/:/usr/lib/gcc/arm-linux-gnueabihf/4.6/../../../arm-linux-gnueabihf/:/usr/lib/gcc/arm-linux-gnueabihf/4.6/../../../:/lib/arm-linux-gnueabihf/:/lib/:/usr/lib/arm-linux-gnueabihf/:/usr/lib/
COLLECT_GCC_OPTIONS='-v' '-o' 'cmTryCompileExec207971010' '-rdynamic' '-march=armv6' '-mfloat-abi=hard' '-mfpu=vfp'
 /usr/lib/gcc/arm-linux-gnueabihf/4.6/collect2 --sysroot=/ --build-id --no-add-needed --eh-frame-hdr -export-dynamic -dynamic-linker /lib/ld-linux-armhf.so.3 -X --hash-style=both -m armelf_linux_eabi -o cmTryCompileExec207971010 /usr/lib/gcc/arm-linux-gnueabihf/4.6/../../../arm-linux-gnueabihf/crt1.o /usr/lib/gcc/arm-linux-gnueabihf/4.6/../../../arm-linux-gnueabihf/crti.o /usr/lib/gcc/arm-linux-gnueabihf/4.6/crtbegin.o -L/usr/lib/gcc/arm-linux-gnueabihf/4.6 -L/usr/lib/gcc/arm-linux-gnueabihf/4.6/../../../arm-linux-gnueabihf -L/usr/lib/gcc/arm-linux-gnueabihf/4.6/../../.. -L/lib/arm-linux-gnueabihf -L/usr/lib/arm-linux-gnueabihf CMakeFiles/cmTryCompileExec207971010.dir/CMakeCCompilerABI.c.o -lgcc --as-needed -lgcc_s --no-as-needed -lc -lgcc --as-needed -lgcc_s --no-as-needed /usr/lib/gcc/arm-linux-gnueabihf/4.6/crtend.o /usr/lib/gcc/arm-linux-gnueabihf/4.6/../../../arm-linux-gnueabihf/crtn.o
make[1]: Leaving directory '/home/megaf/MinetestPi-Raspbian/build/raspberrypi/CMakeFiles/CMakeTmp'


Parsed C implicit link information from above output:
  link line regex: [^( *|.*[/\])(ld|ld|collect2)[^/\]*( |$)]
  ignore line: [Change Dir: /home/megaf/MinetestPi-Raspbian/build/raspberrypi/CMakeFiles/CMakeTmp]
  ignore line: []
  ignore line: [Run Build Command:/usr/bin/make "cmTryCompileExec207971010/fast"]
  ignore line: [/usr/bin/make -f CMakeFiles/cmTryCompileExec207971010.dir/build.make CMakeFiles/cmTryCompileExec207971010.dir/build]
  ignore line: [make[1]: Entering directory '/home/megaf/MinetestPi-Raspbian/build/raspberrypi/CMakeFiles/CMakeTmp']
  ignore line: [/usr/bin/cmake -E cmake_progress_report /home/megaf/MinetestPi-Raspbian/build/raspberrypi/CMakeFiles/CMakeTmp/CMakeFiles 1]
  ignore line: [Building C object CMakeFiles/cmTryCompileExec207971010.dir/CMakeCCompilerABI.c.o]
  ignore line: [/usr/bin/gcc    -o CMakeFiles/cmTryCompileExec207971010.dir/CMakeCCompilerABI.c.o   -c /usr/share/cmake-2.8/Modules/CMakeCCompilerABI.c]
  ignore line: [Linking C executable cmTryCompileExec207971010]
  ignore line: [/usr/bin/cmake -E cmake_link_script CMakeFiles/cmTryCompileExec207971010.dir/link.txt --verbose=1]
  ignore line: [/usr/bin/gcc       -v CMakeFiles/cmTryCompileExec207971010.dir/CMakeCCompilerABI.c.o  -o cmTryCompileExec207971010 -rdynamic  ]
  ignore line: [Using built-in specs.]
  ignore line: [COLLECT_GCC=/usr/bin/gcc]
  ignore line: [COLLECT_LTO_WRAPPER=/usr/lib/gcc/arm-linux-gnueabihf/4.6/lto-wrapper]
  ignore line: [Target: arm-linux-gnueabihf]
  ignore line: [Configured with: ../src/configure -v --with-pkgversion='Debian 4.6.3-14+rpi1' --with-bugurl=file:///usr/share/doc/gcc-4.6/README.Bugs --enable-languages=c,c++,fortran,objc,obj-c++ --prefix=/usr --program-suffix=-4.6 --enable-shared --enable-linker-build-id --with-system-zlib --libexecdir=/usr/lib --without-included-gettext --enable-threads=posix --with-gxx-include-dir=/usr/include/c++/4.6 --libdir=/usr/lib --enable-nls --with-sysroot=/ --enable-clocale=gnu --enable-libstdcxx-debug --enable-libstdcxx-time=yes --enable-gnu-unique-object --enable-plugin --enable-objc-gc --disable-sjlj-exceptions --with-arch=armv6 --with-fpu=vfp --with-float=hard --enable-checking=release --build=arm-linux-gnueabihf --host=arm-linux-gnueabihf --target=arm-linux-gnueabihf]
  ignore line: [Thread model: posix]
  ignore line: [gcc version 4.6.3 (Debian 4.6.3-14+rpi1) ]
  ignore line: [COMPILER_PATH=/usr/lib/gcc/arm-linux-gnueabihf/4.6/:/usr/lib/gcc/arm-linux-gnueabihf/4.6/:/usr/lib/gcc/arm-linux-gnueabihf/:/usr/lib/gcc/arm-linux-gnueabihf/4.6/:/usr/lib/gcc/arm-linux-gnueabihf/]
  ignore line: [LIBRARY_PATH=/usr/lib/gcc/arm-linux-gnueabihf/4.6/:/usr/lib/gcc/arm-linux-gnueabihf/4.6/../../../arm-linux-gnueabihf/:/usr/lib/gcc/arm-linux-gnueabihf/4.6/../../../:/lib/arm-linux-gnueabihf/:/lib/:/usr/lib/arm-linux-gnueabihf/:/usr/lib/]
  ignore line: [COLLECT_GCC_OPTIONS='-v' '-o' 'cmTryCompileExec207971010' '-rdynamic' '-march=armv6' '-mfloat-abi=hard' '-mfpu=vfp']
  link line: [ /usr/lib/gcc/arm-linux-gnueabihf/4.6/collect2 --sysroot=/ --build-id --no-add-needed --eh-frame-hdr -export-dynamic -dynamic-linker /lib/ld-linux-armhf.so.3 -X --hash-style=both -m armelf_linux_eabi -o cmTryCompileExec207971010 /usr/lib/gcc/arm-linux-gnueabihf/4.6/../../../arm-linux-gnueabihf/crt1.o /usr/lib/gcc/arm-linux-gnueabihf/4.6/../../../arm-linux-gnueabihf/crti.o /usr/lib/gcc/arm-linux-gnueabihf/4.6/crtbegin.o -L/usr/lib/gcc/arm-linux-gnueabihf/4.6 -L/usr/lib/gcc/arm-linux-gnueabihf/4.6/../../../arm-linux-gnueabihf -L/usr/lib/gcc/arm-linux-gnueabihf/4.6/../../.. -L/lib/arm-linux-gnueabihf -L/usr/lib/arm-linux-gnueabihf CMakeFiles/cmTryCompileExec207971010.dir/CMakeCCompilerABI.c.o -lgcc --as-needed -lgcc_s --no-as-needed -lc -lgcc --as-needed -lgcc_s --no-as-needed /usr/lib/gcc/arm-linux-gnueabihf/4.6/crtend.o /usr/lib/gcc/arm-linux-gnueabihf/4.6/../../../arm-linux-gnueabihf/crtn.o]
    arg [/usr/lib/gcc/arm-linux-gnueabihf/4.6/collect2] ==> ignore
    arg [--sysroot=/] ==> ignore
    arg [--build-id] ==> ignore
    arg [--no-add-needed] ==> ignore
    arg [--eh-frame-hdr] ==> ignore
    arg [-export-dynamic] ==> ignore
    arg [-dynamic-linker] ==> ignore
    arg [/lib/ld-linux-armhf.so.3] ==> ignore
    arg [-X] ==> ignore
    arg [--hash-style=both] ==> ignore
    arg [-m] ==> ignore
    arg [armelf_linux_eabi] ==> ignore
    arg [-o] ==> ignore
    arg [cmTryCompileExec207971010] ==> ignore
    arg [/usr/lib/gcc/arm-linux-gnueabihf/4.6/../../../arm-linux-gnueabihf/crt1.o] ==> ignore
    arg [/usr/lib/gcc/arm-linux-gnueabihf/4.6/../../../arm-linux-gnueabihf/crti.o] ==> ignore
    arg [/usr/lib/gcc/arm-linux-gnueabihf/4.6/crtbegin.o] ==> ignore
    arg [-L/usr/lib/gcc/arm-linux-gnueabihf/4.6] ==> dir [/usr/lib/gcc/arm-linux-gnueabihf/4.6]
    arg [-L/usr/lib/gcc/arm-linux-gnueabihf/4.6/../../../arm-linux-gnueabihf] ==> dir [/usr/lib/gcc/arm-linux-gnueabihf/4.6/../../../arm-linux-gnueabihf]
    arg [-L/usr/lib/gcc/arm-linux-gnueabihf/4.6/../../..] ==> dir [/usr/lib/gcc/arm-linux-gnueabihf/4.6/../../..]
    arg [-L/lib/arm-linux-gnueabihf] ==> dir [/lib/arm-linux-gnueabihf]
    arg [-L/usr/lib/arm-linux-gnueabihf] ==> dir [/usr/lib/arm-linux-gnueabihf]
    arg [CMakeFiles/cmTryCompileExec207971010.dir/CMakeCCompilerABI.c.o] ==> ignore
    arg [-lgcc] ==> lib [gcc]
    arg [--as-needed] ==> ignore
    arg [-lgcc_s] ==> lib [gcc_s]
    arg [--no-as-needed] ==> ignore
    arg [-lc] ==> lib [c]
    arg [-lgcc] ==> lib [gcc]
    arg [--as-needed] ==> ignore
    arg [-lgcc_s] ==> lib [gcc_s]
    arg [--no-as-needed] ==> ignore
    arg [/usr/lib/gcc/arm-linux-gnueabihf/4.6/crtend.o] ==> ignore
    arg [/usr/lib/gcc/arm-linux-gnueabihf/4.6/../../../arm-linux-gnueabihf/crtn.o] ==> ignore
  remove lib [gcc]
  remove lib [gcc_s]
  remove lib [gcc]
  remove lib [gcc_s]
  collapse dir [/usr/lib/gcc/arm-linux-gnueabihf/4.6] ==> [/usr/lib/gcc/arm-linux-gnueabihf/4.6]
  collapse dir [/usr/lib/gcc/arm-linux-gnueabihf/4.6/../../../arm-linux-gnueabihf] ==> [/usr/lib/arm-linux-gnueabihf]
  collapse dir [/usr/lib/gcc/arm-linux-gnueabihf/4.6/../../..] ==> [/usr/lib]
  collapse dir [/lib/arm-linux-gnueabihf] ==> [/lib/arm-linux-gnueabihf]
  collapse dir [/usr/lib/arm-linux-gnueabihf] ==> [/usr/lib/arm-linux-gnueabihf]
  implicit libs: [c]
  implicit dirs: [/usr/lib/gcc/arm-linux-gnueabihf/4.6;/usr/lib/arm-linux-gnueabihf;/usr/lib;/lib/arm-linux-gnueabihf]


Determining if the CXX compiler works passed with the following output:
Change Dir: /home/megaf/MinetestPi-Raspbian/build/raspberrypi/CMakeFiles/CMakeTmp

Run Build Command:/usr/bin/make "cmTryCompileExec1673425947/fast"
/usr/bin/make -f CMakeFiles/cmTryCompileExec1673425947.dir/build.make CMakeFiles/cmTryCompileExec1673425947.dir/build
make[1]: Entering directory '/home/megaf/MinetestPi-Raspbian/build/raspberrypi/CMakeFiles/CMakeTmp'
/usr/bin/cmake -E cmake_progress_report /home/megaf/MinetestPi-Raspbian/build/raspberrypi/CMakeFiles/CMakeTmp/CMakeFiles 1
Building CXX object CMakeFiles/cmTryCompileExec1673425947.dir/testCXXCompiler.cxx.o
/usr/bin/c++     -o CMakeFiles/cmTryCompileExec1673425947.dir/testCXXCompiler.cxx.o -c /home/megaf/MinetestPi-Raspbian/build/raspberrypi/CMakeFiles/CMakeTmp/testCXXCompiler.cxx
Linking CXX executable cmTryCompileExec1673425947
/usr/bin/cmake -E cmake_link_script CMakeFiles/cmTryCompileExec1673425947.dir/link.txt --verbose=1
/usr/bin/c++          CMakeFiles/cmTryCompileExec1673425947.dir/testCXXCompiler.cxx.o  -o cmTryCompileExec1673425947 -rdynamic 
make[1]: Leaving directory '/home/megaf/MinetestPi-Raspbian/build/raspberrypi/CMakeFiles/CMakeTmp'


Detecting CXX compiler ABI info compiled with the following output:
Change Dir: /home/megaf/MinetestPi-Raspbian/build/raspberrypi/CMakeFiles/CMakeTmp

Run Build Command:/usr/bin/make "cmTryCompileExec3376115906/fast"
/usr/bin/make -f CMakeFiles/cmTryCompileExec3376115906.dir/build.make CMakeFiles/cmTryCompileExec3376115906.dir/build
make[1]: Entering directory '/home/megaf/MinetestPi-Raspbian/build/raspberrypi/CMakeFiles/CMakeTmp'
/usr/bin/cmake -E cmake_progress_report /home/megaf/MinetestPi-Raspbian/build/raspberrypi/CMakeFiles/CMakeTmp/CMakeFiles 1
Building CXX object CMakeFiles/cmTryCompileExec3376115906.dir/CMakeCXXCompilerABI.cpp.o
/usr/bin/c++     -o CMakeFiles/cmTryCompileExec3376115906.dir/CMakeCXXCompilerABI.cpp.o -c /usr/share/cmake-2.8/Modules/CMakeCXXCompilerABI.cpp
Linking CXX executable cmTryCompileExec3376115906
/usr/bin/cmake -E cmake_link_script CMakeFiles/cmTryCompileExec3376115906.dir/link.txt --verbose=1
/usr/bin/c++        -v CMakeFiles/cmTryCompileExec3376115906.dir/CMakeCXXCompilerABI.cpp.o  -o cmTryCompileExec3376115906 -rdynamic  
Using built-in specs.
COLLECT_GCC=/usr/bin/c++
COLLECT_LTO_WRAPPER=/usr/lib/gcc/arm-linux-gnueabihf/4.6/lto-wrapper
Target: arm-linux-gnueabihf
Configured with: ../src/configure -v --with-pkgversion='Debian 4.6.3-14+rpi1' --with-bugurl=file:///usr/share/doc/gcc-4.6/README.Bugs --enable-languages=c,c++,fortran,objc,obj-c++ --prefix=/usr --program-suffix=-4.6 --enable-shared --enable-linker-build-id --with-system-zlib --libexecdir=/usr/lib --without-included-gettext --enable-threads=posix --with-gxx-include-dir=/usr/include/c++/4.6 --libdir=/usr/lib --enable-nls --with-sysroot=/ --enable-clocale=gnu --enable-libstdcxx-debug --enable-libstdcxx-time=yes --enable-gnu-unique-object --enable-plugin --enable-objc-gc --disable-sjlj-exceptions --with-arch=armv6 --with-fpu=vfp --with-float=hard --enable-checking=release --build=arm-linux-gnueabihf --host=arm-linux-gnueabihf --target=arm-linux-gnueabihf
Thread model: posix
gcc version 4.6.3 (Debian 4.6.3-14+rpi1) 
COMPILER_PATH=/usr/lib/gcc/arm-linux-gnueabihf/4.6/:/usr/lib/gcc/arm-linux-gnueabihf/4.6/:/usr/lib/gcc/arm-linux-gnueabihf/:/usr/lib/gcc/arm-linux-gnueabihf/4.6/:/usr/lib/gcc/arm-linux-gnueabihf/
LIBRARY_PATH=/usr/lib/gcc/arm-linux-gnueabihf/4.6/:/usr/lib/gcc/arm-linux-gnueabihf/4.6/../../../arm-linux-gnueabihf/:/usr/lib/gcc/arm-linux-gnueabihf/4.6/../../../:/lib/arm-linux-gnueabihf/:/lib/:/usr/lib/arm-linux-gnueabihf/:/usr/lib/
COLLECT_GCC_OPTIONS='-v' '-o' 'cmTryCompileExec3376115906' '-rdynamic' '-shared-libgcc' '-march=armv6' '-mfloat-abi=hard' '-mfpu=vfp'
 /usr/lib/gcc/arm-linux-gnueabihf/4.6/collect2 --sysroot=/ --build-id --no-add-needed --eh-frame-hdr -export-dynamic -dynamic-linker /lib/ld-linux-armhf.so.3 -X --hash-style=both -m armelf_linux_eabi -o cmTryCompileExec3376115906 /usr/lib/gcc/arm-linux-gnueabihf/4.6/../../../arm-linux-gnueabihf/crt1.o /usr/lib/gcc/arm-linux-gnueabihf/4.6/../../../arm-linux-gnueabihf/crti.o /usr/lib/gcc/arm-linux-gnueabihf/4.6/crtbegin.o -L/usr/lib/gcc/arm-linux-gnueabihf/4.6 -L/usr/lib/gcc/arm-linux-gnueabihf/4.6/../../../arm-linux-gnueabihf -L/usr/lib/gcc/arm-linux-gnueabihf/4.6/../../.. -L/lib/arm-linux-gnueabihf -L/usr/lib/arm-linux-gnueabihf CMakeFiles/cmTryCompileExec3376115906.dir/CMakeCXXCompilerABI.cpp.o -lstdc++ -lm -lgcc_s -lgcc -lc -lgcc_s -lgcc /usr/lib/gcc/arm-linux-gnueabihf/4.6/crtend.o /usr/lib/gcc/arm-linux-gnueabihf/4.6/../../../arm-linux-gnueabihf/crtn.o
make[1]: Leaving directory '/home/megaf/MinetestPi-Raspbian/build/raspberrypi/CMakeFiles/CMakeTmp'


Parsed CXX implicit link information from above output:
  link line regex: [^( *|.*[/\])(ld|ld|collect2)[^/\]*( |$)]
  ignore line: [Change Dir: /home/megaf/MinetestPi-Raspbian/build/raspberrypi/CMakeFiles/CMakeTmp]
  ignore line: []
  ignore line: [Run Build Command:/usr/bin/make "cmTryCompileExec3376115906/fast"]
  ignore line: [/usr/bin/make -f CMakeFiles/cmTryCompileExec3376115906.dir/build.make CMakeFiles/cmTryCompileExec3376115906.dir/build]
  ignore line: [make[1]: Entering directory '/home/megaf/MinetestPi-Raspbian/build/raspberrypi/CMakeFiles/CMakeTmp']
  ignore line: [/usr/bin/cmake -E cmake_progress_report /home/megaf/MinetestPi-Raspbian/build/raspberrypi/CMakeFiles/CMakeTmp/CMakeFiles 1]
  ignore line: [Building CXX object CMakeFiles/cmTryCompileExec3376115906.dir/CMakeCXXCompilerABI.cpp.o]
  ignore line: [/usr/bin/c++     -o CMakeFiles/cmTryCompileExec3376115906.dir/CMakeCXXCompilerABI.cpp.o -c /usr/share/cmake-2.8/Modules/CMakeCXXCompilerABI.cpp]
  ignore line: [Linking CXX executable cmTryCompileExec3376115906]
  ignore line: [/usr/bin/cmake -E cmake_link_script CMakeFiles/cmTryCompileExec3376115906.dir/link.txt --verbose=1]
  ignore line: [/usr/bin/c++        -v CMakeFiles/cmTryCompileExec3376115906.dir/CMakeCXXCompilerABI.cpp.o  -o cmTryCompileExec3376115906 -rdynamic  ]
  ignore line: [Using built-in specs.]
  ignore line: [COLLECT_GCC=/usr/bin/c++]
  ignore line: [COLLECT_LTO_WRAPPER=/usr/lib/gcc/arm-linux-gnueabihf/4.6/lto-wrapper]
  ignore line: [Target: arm-linux-gnueabihf]
  ignore line: [Configured with: ../src/configure -v --with-pkgversion='Debian 4.6.3-14+rpi1' --with-bugurl=file:///usr/share/doc/gcc-4.6/README.Bugs --enable-languages=c,c++,fortran,objc,obj-c++ --prefix=/usr --program-suffix=-4.6 --enable-shared --enable-linker-build-id --with-system-zlib --libexecdir=/usr/lib --without-included-gettext --enable-threads=posix --with-gxx-include-dir=/usr/include/c++/4.6 --libdir=/usr/lib --enable-nls --with-sysroot=/ --enable-clocale=gnu --enable-libstdcxx-debug --enable-libstdcxx-time=yes --enable-gnu-unique-object --enable-plugin --enable-objc-gc --disable-sjlj-exceptions --with-arch=armv6 --with-fpu=vfp --with-float=hard --enable-checking=release --build=arm-linux-gnueabihf --host=arm-linux-gnueabihf --target=arm-linux-gnueabihf]
  ignore line: [Thread model: posix]
  ignore line: [gcc version 4.6.3 (Debian 4.6.3-14+rpi1) ]
  ignore line: [COMPILER_PATH=/usr/lib/gcc/arm-linux-gnueabihf/4.6/:/usr/lib/gcc/arm-linux-gnueabihf/4.6/:/usr/lib/gcc/arm-linux-gnueabihf/:/usr/lib/gcc/arm-linux-gnueabihf/4.6/:/usr/lib/gcc/arm-linux-gnueabihf/]
  ignore line: [LIBRARY_PATH=/usr/lib/gcc/arm-linux-gnueabihf/4.6/:/usr/lib/gcc/arm-linux-gnueabihf/4.6/../../../arm-linux-gnueabihf/:/usr/lib/gcc/arm-linux-gnueabihf/4.6/../../../:/lib/arm-linux-gnueabihf/:/lib/:/usr/lib/arm-linux-gnueabihf/:/usr/lib/]
  ignore line: [COLLECT_GCC_OPTIONS='-v' '-o' 'cmTryCompileExec3376115906' '-rdynamic' '-shared-libgcc' '-march=armv6' '-mfloat-abi=hard' '-mfpu=vfp']
  link line: [ /usr/lib/gcc/arm-linux-gnueabihf/4.6/collect2 --sysroot=/ --build-id --no-add-needed --eh-frame-hdr -export-dynamic -dynamic-linker /lib/ld-linux-armhf.so.3 -X --hash-style=both -m armelf_linux_eabi -o cmTryCompileExec3376115906 /usr/lib/gcc/arm-linux-gnueabihf/4.6/../../../arm-linux-gnueabihf/crt1.o /usr/lib/gcc/arm-linux-gnueabihf/4.6/../../../arm-linux-gnueabihf/crti.o /usr/lib/gcc/arm-linux-gnueabihf/4.6/crtbegin.o -L/usr/lib/gcc/arm-linux-gnueabihf/4.6 -L/usr/lib/gcc/arm-linux-gnueabihf/4.6/../../../arm-linux-gnueabihf -L/usr/lib/gcc/arm-linux-gnueabihf/4.6/../../.. -L/lib/arm-linux-gnueabihf -L/usr/lib/arm-linux-gnueabihf CMakeFiles/cmTryCompileExec3376115906.dir/CMakeCXXCompilerABI.cpp.o -lstdc++ -lm -lgcc_s -lgcc -lc -lgcc_s -lgcc /usr/lib/gcc/arm-linux-gnueabihf/4.6/crtend.o /usr/lib/gcc/arm-linux-gnueabihf/4.6/../../../arm-linux-gnueabihf/crtn.o]
    arg [/usr/lib/gcc/arm-linux-gnueabihf/4.6/collect2] ==> ignore
    arg [--sysroot=/] ==> ignore
    arg [--build-id] ==> ignore
    arg [--no-add-needed] ==> ignore
    arg [--eh-frame-hdr] ==> ignore
    arg [-export-dynamic] ==> ignore
    arg [-dynamic-linker] ==> ignore
    arg [/lib/ld-linux-armhf.so.3] ==> ignore
    arg [-X] ==> ignore
    arg [--hash-style=both] ==> ignore
    arg [-m] ==> ignore
    arg [armelf_linux_eabi] ==> ignore
    arg [-o] ==> ignore
    arg [cmTryCompileExec3376115906] ==> ignore
    arg [/usr/lib/gcc/arm-linux-gnueabihf/4.6/../../../arm-linux-gnueabihf/crt1.o] ==> ignore
    arg [/usr/lib/gcc/arm-linux-gnueabihf/4.6/../../../arm-linux-gnueabihf/crti.o] ==> ignore
    arg [/usr/lib/gcc/arm-linux-gnueabihf/4.6/crtbegin.o] ==> ignore
    arg [-L/usr/lib/gcc/arm-linux-gnueabihf/4.6] ==> dir [/usr/lib/gcc/arm-linux-gnueabihf/4.6]
    arg [-L/usr/lib/gcc/arm-linux-gnueabihf/4.6/../../../arm-linux-gnueabihf] ==> dir [/usr/lib/gcc/arm-linux-gnueabihf/4.6/../../../arm-linux-gnueabihf]
    arg [-L/usr/lib/gcc/arm-linux-gnueabihf/4.6/../../..] ==> dir [/usr/lib/gcc/arm-linux-gnueabihf/4.6/../../..]
    arg [-L/lib/arm-linux-gnueabihf] ==> dir [/lib/arm-linux-gnueabihf]
    arg [-L/usr/lib/arm-linux-gnueabihf] ==> dir [/usr/lib/arm-linux-gnueabihf]
    arg [CMakeFiles/cmTryCompileExec3376115906.dir/CMakeCXXCompilerABI.cpp.o] ==> ignore
    arg [-lstdc++] ==> lib [stdc++]
    arg [-lm] ==> lib [m]
    arg [-lgcc_s] ==> lib [gcc_s]
    arg [-lgcc] ==> lib [gcc]
    arg [-lc] ==> lib [c]
    arg [-lgcc_s] ==> lib [gcc_s]
    arg [-lgcc] ==> lib [gcc]
    arg [/usr/lib/gcc/arm-linux-gnueabihf/4.6/crtend.o] ==> ignore
    arg [/usr/lib/gcc/arm-linux-gnueabihf/4.6/../../../arm-linux-gnueabihf/crtn.o] ==> ignore
  remove lib [gcc_s]
  remove lib [gcc]
  remove lib [gcc_s]
  remove lib [gcc]
  collapse dir [/usr/lib/gcc/arm-linux-gnueabihf/4.6] ==> [/usr/lib/gcc/arm-linux-gnueabihf/4.6]
  collapse dir [/usr/lib/gcc/arm-linux-gnueabihf/4.6/../../../arm-linux-gnueabihf] ==> [/usr/lib/arm-linux-gnueabihf]
  collapse dir [/usr/lib/gcc/arm-linux-gnueabihf/4.6/../../..] ==> [/usr/lib]
  collapse dir [/lib/arm-linux-gnueabihf] ==> [/lib/arm-linux-gnueabihf]
  collapse dir [/usr/lib/arm-linux-gnueabihf] ==> [/usr/lib/arm-linux-gnueabihf]
  implicit libs: [stdc++;m;c]
  implicit dirs: [/usr/lib/gcc/arm-linux-gnueabihf/4.6;/usr/lib/arm-linux-gnueabihf;/usr/lib;/lib/arm-linux-gnueabihf]


Determining if the function XOpenDisplay exists in the /usr/lib/arm-linux-gnueabihf/libX11.so;/usr/lib/arm-linux-gnueabihf/libXext.so passed with the following output:
Change Dir: /home/megaf/MinetestPi-Raspbian/build/raspberrypi/CMakeFiles/CMakeTmp

Run Build Command:/usr/bin/make "cmTryCompileExec2265653966/fast"
/usr/bin/make -f CMakeFiles/cmTryCompileExec2265653966.dir/build.make CMakeFiles/cmTryCompileExec2265653966.dir/build
make[1]: Entering directory '/home/megaf/MinetestPi-Raspbian/build/raspberrypi/CMakeFiles/CMakeTmp'
/usr/bin/cmake -E cmake_progress_report /home/megaf/MinetestPi-Raspbian/build/raspberrypi/CMakeFiles/CMakeTmp/CMakeFiles 1
Building C object CMakeFiles/cmTryCompileExec2265653966.dir/CheckFunctionExists.c.o
/usr/bin/gcc   -DCHECK_FUNCTION_EXISTS=XOpenDisplay   -o CMakeFiles/cmTryCompileExec2265653966.dir/CheckFunctionExists.c.o   -c /usr/share/cmake-2.8/Modules/CheckFunctionExists.c
Linking C executable cmTryCompileExec2265653966
/usr/bin/cmake -E cmake_link_script CMakeFiles/cmTryCompileExec2265653966.dir/link.txt --verbose=1
/usr/bin/gcc     -DCHECK_FUNCTION_EXISTS=XOpenDisplay    CMakeFiles/cmTryCompileExec2265653966.dir/CheckFunctionExists.c.o  -o cmTryCompileExec2265653966 -rdynamic -lX11 -lXext 
make[1]: Leaving directory '/home/megaf/MinetestPi-Raspbian/build/raspberrypi/CMakeFiles/CMakeTmp'


Determining if the function gethostbyname exists passed with the following output:
Change Dir: /home/megaf/MinetestPi-Raspbian/build/raspberrypi/CMakeFiles/CMakeTmp

Run Build Command:/usr/bin/make "cmTryCompileExec2994928253/fast"
/usr/bin/make -f CMakeFiles/cmTryCompileExec2994928253.dir/build.make CMakeFiles/cmTryCompileExec2994928253.dir/build
make[1]: Entering directory '/home/megaf/MinetestPi-Raspbian/build/raspberrypi/CMakeFiles/CMakeTmp'
/usr/bin/cmake -E cmake_progress_report /home/megaf/MinetestPi-Raspbian/build/raspberrypi/CMakeFiles/CMakeTmp/CMakeFiles 1
Building C object CMakeFiles/cmTryCompileExec2994928253.dir/CheckFunctionExists.c.o
/usr/bin/gcc   -DCHECK_FUNCTION_EXISTS=gethostbyname   -o CMakeFiles/cmTryCompileExec2994928253.dir/CheckFunctionExists.c.o   -c /usr/share/cmake-2.8/Modules/CheckFunctionExists.c
Linking C executable cmTryCompileExec2994928253
/usr/bin/cmake -E cmake_link_script CMakeFiles/cmTryCompileExec2994928253.dir/link.txt --verbose=1
/usr/bin/gcc     -DCHECK_FUNCTION_EXISTS=gethostbyname    CMakeFiles/cmTryCompileExec2994928253.dir/CheckFunctionExists.c.o  -o cmTryCompileExec2994928253 -rdynamic 
make[1]: Leaving directory '/home/megaf/MinetestPi-Raspbian/build/raspberrypi/CMakeFiles/CMakeTmp'


Determining if the function connect exists passed with the following output:
Change Dir: /home/megaf/MinetestPi-Raspbian/build/raspberrypi/CMakeFiles/CMakeTmp

Run Build Command:/usr/bin/make "cmTryCompileExec4003541587/fast"
/usr/bin/make -f CMakeFiles/cmTryCompileExec4003541587.dir/build.make CMakeFiles/cmTryCompileExec4003541587.dir/build
make[1]: Entering directory '/home/megaf/MinetestPi-Raspbian/build/raspberrypi/CMakeFiles/CMakeTmp'
/usr/bin/cmake -E cmake_progress_report /home/megaf/MinetestPi-Raspbian/build/raspberrypi/CMakeFiles/CMakeTmp/CMakeFiles 1
Building C object CMakeFiles/cmTryCompileExec4003541587.dir/CheckFunctionExists.c.o
/usr/bin/gcc   -DCHECK_FUNCTION_EXISTS=connect   -o CMakeFiles/cmTryCompileExec4003541587.dir/CheckFunctionExists.c.o   -c /usr/share/cmake-2.8/Modules/CheckFunctionExists.c
Linking C executable cmTryCompileExec4003541587
/usr/bin/cmake -E cmake_link_script CMakeFiles/cmTryCompileExec4003541587.dir/link.txt --verbose=1
/usr/bin/gcc     -DCHECK_FUNCTION_EXISTS=connect    CMakeFiles/cmTryCompileExec4003541587.dir/CheckFunctionExists.c.o  -o cmTryCompileExec4003541587 -rdynamic 
make[1]: Leaving directory '/home/megaf/MinetestPi-Raspbian/build/raspberrypi/CMakeFiles/CMakeTmp'


Determining if the function remove exists passed with the following output:
Change Dir: /home/megaf/MinetestPi-Raspbian/build/raspberrypi/CMakeFiles/CMakeTmp

Run Build Command:/usr/bin/make "cmTryCompileExec2562702110/fast"
/usr/bin/make -f CMakeFiles/cmTryCompileExec2562702110.dir/build.make CMakeFiles/cmTryCompileExec2562702110.dir/build
make[1]: Entering directory '/home/megaf/MinetestPi-Raspbian/build/raspberrypi/CMakeFiles/CMakeTmp'
/usr/bin/cmake -E cmake_progress_report /home/megaf/MinetestPi-Raspbian/build/raspberrypi/CMakeFiles/CMakeTmp/CMakeFiles 1
Building C object CMakeFiles/cmTryCompileExec2562702110.dir/CheckFunctionExists.c.o
/usr/bin/gcc   -DCHECK_FUNCTION_EXISTS=remove   -o CMakeFiles/cmTryCompileExec2562702110.dir/CheckFunctionExists.c.o   -c /usr/share/cmake-2.8/Modules/CheckFunctionExists.c
Linking C executable cmTryCompileExec2562702110
/usr/bin/cmake -E cmake_link_script CMakeFiles/cmTryCompileExec2562702110.dir/link.txt --verbose=1
/usr/bin/gcc     -DCHECK_FUNCTION_EXISTS=remove    CMakeFiles/cmTryCompileExec2562702110.dir/CheckFunctionExists.c.o  -o cmTryCompileExec2562702110 -rdynamic 
make[1]: Leaving directory '/home/megaf/MinetestPi-Raspbian/build/raspberrypi/CMakeFiles/CMakeTmp'


Determining if the function shmat exists passed with the following output:
Change Dir: /home/megaf/MinetestPi-Raspbian/build/raspberrypi/CMakeFiles/CMakeTmp

Run Build Command:/usr/bin/make "cmTryCompileExec1453950334/fast"
/usr/bin/make -f CMakeFiles/cmTryCompileExec1453950334.dir/build.make CMakeFiles/cmTryCompileExec1453950334.dir/build
make[1]: Entering directory '/home/megaf/MinetestPi-Raspbian/build/raspberrypi/CMakeFiles/CMakeTmp'
/usr/bin/cmake -E cmake_progress_report /home/megaf/MinetestPi-Raspbian/build/raspberrypi/CMakeFiles/CMakeTmp/CMakeFiles 1
Building C object CMakeFiles/cmTryCompileExec1453950334.dir/CheckFunctionExists.c.o
/usr/bin/gcc   -DCHECK_FUNCTION_EXISTS=shmat   -o CMakeFiles/cmTryCompileExec1453950334.dir/CheckFunctionExists.c.o   -c /usr/share/cmake-2.8/Modules/CheckFunctionExists.c
Linking C executable cmTryCompileExec1453950334
/usr/bin/cmake -E cmake_link_script CMakeFiles/cmTryCompileExec1453950334.dir/link.txt --verbose=1
/usr/bin/gcc     -DCHECK_FUNCTION_EXISTS=shmat    CMakeFiles/cmTryCompileExec1453950334.dir/CheckFunctionExists.c.o  -o cmTryCompileExec1453950334 -rdynamic 
make[1]: Leaving directory '/home/megaf/MinetestPi-Raspbian/build/raspberrypi/CMakeFiles/CMakeTmp'


Determining if the function BZ2_bzCompressInit exists in the /usr/lib/arm-linux-gnueabihf/libbz2.so passed with the following output:
Change Dir: /home/megaf/MinetestPi-Raspbian/build/raspberrypi/CMakeFiles/CMakeTmp

Run Build Command:/usr/bin/make "cmTryCompileExec756090154/fast"
/usr/bin/make -f CMakeFiles/cmTryCompileExec756090154.dir/build.make CMakeFiles/cmTryCompileExec756090154.dir/build
make[1]: Entering directory '/home/megaf/MinetestPi-Raspbian/build/raspberrypi/CMakeFiles/CMakeTmp'
/usr/bin/cmake -E cmake_progress_report /home/megaf/MinetestPi-Raspbian/build/raspberrypi/CMakeFiles/CMakeTmp/CMakeFiles 1
Building C object CMakeFiles/cmTryCompileExec756090154.dir/CheckFunctionExists.c.o
/usr/bin/gcc   -DCHECK_FUNCTION_EXISTS=BZ2_bzCompressInit   -o CMakeFiles/cmTryCompileExec756090154.dir/CheckFunctionExists.c.o   -c /usr/share/cmake-2.8/Modules/CheckFunctionExists.c
Linking C executable cmTryCompileExec756090154
/usr/bin/cmake -E cmake_link_script CMakeFiles/cmTryCompileExec756090154.dir/link.txt --verbose=1
/usr/bin/gcc     -DCHECK_FUNCTION_EXISTS=BZ2_bzCompressInit    CMakeFiles/cmTryCompileExec756090154.dir/CheckFunctionExists.c.o  -o cmTryCompileExec756090154 -rdynamic -lbz2 
make[1]: Leaving directory '/home/megaf/MinetestPi-Raspbian/build/raspberrypi/CMakeFiles/CMakeTmp'


Performing C SOURCE FILE Test VALID_LUAJIT_VERSION succeded with the following output:
Change Dir: /home/megaf/MinetestPi-Raspbian/build/raspberrypi/CMakeFiles/CMakeTmp

Run Build Command:/usr/bin/make "cmTryCompileExec3581503763/fast"
/usr/bin/make -f CMakeFiles/cmTryCompileExec3581503763.dir/build.make CMakeFiles/cmTryCompileExec3581503763.dir/build
make[1]: Entering directory '/home/megaf/MinetestPi-Raspbian/build/raspberrypi/CMakeFiles/CMakeTmp'
/usr/bin/cmake -E cmake_progress_report /home/megaf/MinetestPi-Raspbian/build/raspberrypi/CMakeFiles/CMakeTmp/CMakeFiles 1
Building C object CMakeFiles/cmTryCompileExec3581503763.dir/src.c.o
/usr/bin/gcc   -DVALID_LUAJIT_VERSION -I/usr/local/include/luajit-2.0    -o CMakeFiles/cmTryCompileExec3581503763.dir/src.c.o   -c /home/megaf/MinetestPi-Raspbian/build/raspberrypi/CMakeFiles/CMakeTmp/src.c
Linking C executable cmTryCompileExec3581503763
/usr/bin/cmake -E cmake_link_script CMakeFiles/cmTryCompileExec3581503763.dir/link.txt --verbose=1
/usr/bin/gcc     -DVALID_LUAJIT_VERSION    CMakeFiles/cmTryCompileExec3581503763.dir/src.c.o  -o cmTryCompileExec3581503763 -rdynamic 
make[1]: Leaving directory '/home/megaf/MinetestPi-Raspbian/build/raspberrypi/CMakeFiles/CMakeTmp'

Return value: 1
Source file was:

			#include <luajit.h>
			#include <stdio.h>
			#include <string.h>

			#define ARRAYSIZE(a) (sizeof(a) / sizeof((a)[0]))

			static char *broken_luajit_versions[] = {
					"LuaJIT 2.0.0-beta7",
					"LuaJIT 2.0.0-beta6",
					"LuaJIT 2.0.0-beta5",
					"LuaJIT 2.0.0-beta4",
					"LuaJIT 2.0.0-beta3",
					"LuaJIT 2.0.0-beta2",
					"LuaJIT 2.0.0-beta1"
			};

			int main(int argc, char *argv[]) {
				unsigned int i;
				for (i = 0; i < ARRAYSIZE(broken_luajit_versions); i++) {
					if (strcmp(LUAJIT_VERSION, broken_luajit_versions[i]) == 0) {
						return 1;
					}
				}
				return 0;
			}
			
Performing C++ SOURCE FILE Test HAS_UNUSED_BUT_SET_VARIABLE_WARNING succeded with the following output:
Change Dir: /home/megaf/MinetestPi-Raspbian/build/raspberrypi/CMakeFiles/CMakeTmp

Run Build Command:/usr/bin/make "cmTryCompileExec698665731/fast"
/usr/bin/make -f CMakeFiles/cmTryCompileExec698665731.dir/build.make CMakeFiles/cmTryCompileExec698665731.dir/build
make[1]: Entering directory '/home/megaf/MinetestPi-Raspbian/build/raspberrypi/CMakeFiles/CMakeTmp'
/usr/bin/cmake -E cmake_progress_report /home/megaf/MinetestPi-Raspbian/build/raspberrypi/CMakeFiles/CMakeTmp/CMakeFiles 1
Building CXX object CMakeFiles/cmTryCompileExec698665731.dir/src.cxx.o
/usr/bin/c++    -DHAS_UNUSED_BUT_SET_VARIABLE_WARNING -I/home/megaf/MinetestPi-Raspbian/build/raspberrypi/CMakeFiles/CMakeTmp/BACKUP_REQUIRED_INCS    -Wno-unused-but-set-variable -o CMakeFiles/cmTryCompileExec698665731.dir/src.cxx.o -c /home/megaf/MinetestPi-Raspbian/build/raspberrypi/CMakeFiles/CMakeTmp/src.cxx
Linking CXX executable cmTryCompileExec698665731
/usr/bin/cmake -E cmake_link_script CMakeFiles/cmTryCompileExec698665731.dir/link.txt --verbose=1
/usr/bin/c++      -DHAS_UNUSED_BUT_SET_VARIABLE_WARNING    CMakeFiles/cmTryCompileExec698665731.dir/src.cxx.o  -o cmTryCompileExec698665731 -rdynamic 
make[1]: Leaving directory '/home/megaf/MinetestPi-Raspbian/build/raspberrypi/CMakeFiles/CMakeTmp'

Source file was:
int main() { return 0;}
The system is: Linux - 3.12.28+ - armv6l
Compiling the C compiler identification source file "CMakeCCompilerId.c" succeeded.
Compiler: /usr/bin/gcc 
Build flags: 
Id flags: 

The output was:
0


Compilation of the C compiler identification source "CMakeCCompilerId.c" produced "a.out"

The C compiler identification is GNU, found in "/home/megaf/MinetestPi-Raspbian/build/raspberrypi/CMakeFiles/CompilerIdC/a.out"

Compiling the CXX compiler identification source file "CMakeCXXCompilerId.cpp" succeeded.
Compiler: /usr/bin/c++ 
Build flags: 
Id flags: 

The output was:
0


Compilation of the CXX compiler identification source "CMakeCXXCompilerId.cpp" produced "a.out"

The CXX compiler identification is GNU, found in "/home/megaf/MinetestPi-Raspbian/build/raspberrypi/CMakeFiles/CompilerIdCXX/a.out"

Determining if the C compiler works passed with the following output:
Change Dir: /home/megaf/MinetestPi-Raspbian/build/raspberrypi/CMakeFiles/CMakeTmp

Run Build Command:/usr/bin/make "cmTryCompileExec1518724557/fast"
/usr/bin/make -f CMakeFiles/cmTryCompileExec1518724557.dir/build.make CMakeFiles/cmTryCompileExec1518724557.dir/build
make[1]: Entering directory '/home/megaf/MinetestPi-Raspbian/build/raspberrypi/CMakeFiles/CMakeTmp'
/usr/bin/cmake -E cmake_progress_report /home/megaf/MinetestPi-Raspbian/build/raspberrypi/CMakeFiles/CMakeTmp/CMakeFiles 1
Building C object CMakeFiles/cmTryCompileExec1518724557.dir/testCCompiler.c.o
/usr/bin/gcc    -o CMakeFiles/cmTryCompileExec1518724557.dir/testCCompiler.c.o   -c /home/megaf/MinetestPi-Raspbian/build/raspberrypi/CMakeFiles/CMakeTmp/testCCompiler.c
Linking C executable cmTryCompileExec1518724557
/usr/bin/cmake -E cmake_link_script CMakeFiles/cmTryCompileExec1518724557.dir/link.txt --verbose=1
/usr/bin/gcc         CMakeFiles/cmTryCompileExec1518724557.dir/testCCompiler.c.o  -o cmTryCompileExec1518724557 -rdynamic 
make[1]: Leaving directory '/home/megaf/MinetestPi-Raspbian/build/raspberrypi/CMakeFiles/CMakeTmp'


Detecting C compiler ABI info compiled with the following output:
Change Dir: /home/megaf/MinetestPi-Raspbian/build/raspberrypi/CMakeFiles/CMakeTmp

Run Build Command:/usr/bin/make "cmTryCompileExec3347161943/fast"
/usr/bin/make -f CMakeFiles/cmTryCompileExec3347161943.dir/build.make CMakeFiles/cmTryCompileExec3347161943.dir/build
make[1]: Entering directory '/home/megaf/MinetestPi-Raspbian/build/raspberrypi/CMakeFiles/CMakeTmp'
/usr/bin/cmake -E cmake_progress_report /home/megaf/MinetestPi-Raspbian/build/raspberrypi/CMakeFiles/CMakeTmp/CMakeFiles 1
Building C object CMakeFiles/cmTryCompileExec3347161943.dir/CMakeCCompilerABI.c.o
/usr/bin/gcc    -o CMakeFiles/cmTryCompileExec3347161943.dir/CMakeCCompilerABI.c.o   -c /usr/share/cmake-2.8/Modules/CMakeCCompilerABI.c
Linking C executable cmTryCompileExec3347161943
/usr/bin/cmake -E cmake_link_script CMakeFiles/cmTryCompileExec3347161943.dir/link.txt --verbose=1
/usr/bin/gcc       -v CMakeFiles/cmTryCompileExec3347161943.dir/CMakeCCompilerABI.c.o  -o cmTryCompileExec3347161943 -rdynamic  
Using built-in specs.
COLLECT_GCC=/usr/bin/gcc
COLLECT_LTO_WRAPPER=/usr/lib/gcc/arm-linux-gnueabihf/4.6/lto-wrapper
Target: arm-linux-gnueabihf
Configured with: ../src/configure -v --with-pkgversion='Debian 4.6.3-14+rpi1' --with-bugurl=file:///usr/share/doc/gcc-4.6/README.Bugs --enable-languages=c,c++,fortran,objc,obj-c++ --prefix=/usr --program-suffix=-4.6 --enable-shared --enable-linker-build-id --with-system-zlib --libexecdir=/usr/lib --without-included-gettext --enable-threads=posix --with-gxx-include-dir=/usr/include/c++/4.6 --libdir=/usr/lib --enable-nls --with-sysroot=/ --enable-clocale=gnu --enable-libstdcxx-debug --enable-libstdcxx-time=yes --enable-gnu-unique-object --enable-plugin --enable-objc-gc --disable-sjlj-exceptions --with-arch=armv6 --with-fpu=vfp --with-float=hard --enable-checking=release --build=arm-linux-gnueabihf --host=arm-linux-gnueabihf --target=arm-linux-gnueabihf
Thread model: posix
gcc version 4.6.3 (Debian 4.6.3-14+rpi1) 
COMPILER_PATH=/usr/lib/gcc/arm-linux-gnueabihf/4.6/:/usr/lib/gcc/arm-linux-gnueabihf/4.6/:/usr/lib/gcc/arm-linux-gnueabihf/:/usr/lib/gcc/arm-linux-gnueabihf/4.6/:/usr/lib/gcc/arm-linux-gnueabihf/
LIBRARY_PATH=/usr/lib/gcc/arm-linux-gnueabihf/4.6/:/usr/lib/gcc/arm-linux-gnueabihf/4.6/../../../arm-linux-gnueabihf/:/usr/lib/gcc/arm-linux-gnueabihf/4.6/../../../:/lib/arm-linux-gnueabihf/:/lib/:/usr/lib/arm-linux-gnueabihf/:/usr/lib/
COLLECT_GCC_OPTIONS='-v' '-o' 'cmTryCompileExec3347161943' '-rdynamic' '-march=armv6' '-mfloat-abi=hard' '-mfpu=vfp'
 /usr/lib/gcc/arm-linux-gnueabihf/4.6/collect2 --sysroot=/ --build-id --no-add-needed --eh-frame-hdr -export-dynamic -dynamic-linker /lib/ld-linux-armhf.so.3 -X --hash-style=both -m armelf_linux_eabi -o cmTryCompileExec3347161943 /usr/lib/gcc/arm-linux-gnueabihf/4.6/../../../arm-linux-gnueabihf/crt1.o /usr/lib/gcc/arm-linux-gnueabihf/4.6/../../../arm-linux-gnueabihf/crti.o /usr/lib/gcc/arm-linux-gnueabihf/4.6/crtbegin.o -L/usr/lib/gcc/arm-linux-gnueabihf/4.6 -L/usr/lib/gcc/arm-linux-gnueabihf/4.6/../../../arm-linux-gnueabihf -L/usr/lib/gcc/arm-linux-gnueabihf/4.6/../../.. -L/lib/arm-linux-gnueabihf -L/usr/lib/arm-linux-gnueabihf CMakeFiles/cmTryCompileExec3347161943.dir/CMakeCCompilerABI.c.o -lgcc --as-needed -lgcc_s --no-as-needed -lc -lgcc --as-needed -lgcc_s --no-as-needed /usr/lib/gcc/arm-linux-gnueabihf/4.6/crtend.o /usr/lib/gcc/arm-linux-gnueabihf/4.6/../../../arm-linux-gnueabihf/crtn.o
make[1]: Leaving directory '/home/megaf/MinetestPi-Raspbian/build/raspberrypi/CMakeFiles/CMakeTmp'


Parsed C implicit link information from above output:
  link line regex: [^( *|.*[/\])(ld|ld|collect2)[^/\]*( |$)]
  ignore line: [Change Dir: /home/megaf/MinetestPi-Raspbian/build/raspberrypi/CMakeFiles/CMakeTmp]
  ignore line: []
  ignore line: [Run Build Command:/usr/bin/make "cmTryCompileExec3347161943/fast"]
  ignore line: [/usr/bin/make -f CMakeFiles/cmTryCompileExec3347161943.dir/build.make CMakeFiles/cmTryCompileExec3347161943.dir/build]
  ignore line: [make[1]: Entering directory '/home/megaf/MinetestPi-Raspbian/build/raspberrypi/CMakeFiles/CMakeTmp']
  ignore line: [/usr/bin/cmake -E cmake_progress_report /home/megaf/MinetestPi-Raspbian/build/raspberrypi/CMakeFiles/CMakeTmp/CMakeFiles 1]
  ignore line: [Building C object CMakeFiles/cmTryCompileExec3347161943.dir/CMakeCCompilerABI.c.o]
  ignore line: [/usr/bin/gcc    -o CMakeFiles/cmTryCompileExec3347161943.dir/CMakeCCompilerABI.c.o   -c /usr/share/cmake-2.8/Modules/CMakeCCompilerABI.c]
  ignore line: [Linking C executable cmTryCompileExec3347161943]
  ignore line: [/usr/bin/cmake -E cmake_link_script CMakeFiles/cmTryCompileExec3347161943.dir/link.txt --verbose=1]
  ignore line: [/usr/bin/gcc       -v CMakeFiles/cmTryCompileExec3347161943.dir/CMakeCCompilerABI.c.o  -o cmTryCompileExec3347161943 -rdynamic  ]
  ignore line: [Using built-in specs.]
  ignore line: [COLLECT_GCC=/usr/bin/gcc]
  ignore line: [COLLECT_LTO_WRAPPER=/usr/lib/gcc/arm-linux-gnueabihf/4.6/lto-wrapper]
  ignore line: [Target: arm-linux-gnueabihf]
  ignore line: [Configured with: ../src/configure -v --with-pkgversion='Debian 4.6.3-14+rpi1' --with-bugurl=file:///usr/share/doc/gcc-4.6/README.Bugs --enable-languages=c,c++,fortran,objc,obj-c++ --prefix=/usr --program-suffix=-4.6 --enable-shared --enable-linker-build-id --with-system-zlib --libexecdir=/usr/lib --without-included-gettext --enable-threads=posix --with-gxx-include-dir=/usr/include/c++/4.6 --libdir=/usr/lib --enable-nls --with-sysroot=/ --enable-clocale=gnu --enable-libstdcxx-debug --enable-libstdcxx-time=yes --enable-gnu-unique-object --enable-plugin --enable-objc-gc --disable-sjlj-exceptions --with-arch=armv6 --with-fpu=vfp --with-float=hard --enable-checking=release --build=arm-linux-gnueabihf --host=arm-linux-gnueabihf --target=arm-linux-gnueabihf]
  ignore line: [Thread model: posix]
  ignore line: [gcc version 4.6.3 (Debian 4.6.3-14+rpi1) ]
  ignore line: [COMPILER_PATH=/usr/lib/gcc/arm-linux-gnueabihf/4.6/:/usr/lib/gcc/arm-linux-gnueabihf/4.6/:/usr/lib/gcc/arm-linux-gnueabihf/:/usr/lib/gcc/arm-linux-gnueabihf/4.6/:/usr/lib/gcc/arm-linux-gnueabihf/]
  ignore line: [LIBRARY_PATH=/usr/lib/gcc/arm-linux-gnueabihf/4.6/:/usr/lib/gcc/arm-linux-gnueabihf/4.6/../../../arm-linux-gnueabihf/:/usr/lib/gcc/arm-linux-gnueabihf/4.6/../../../:/lib/arm-linux-gnueabihf/:/lib/:/usr/lib/arm-linux-gnueabihf/:/usr/lib/]
  ignore line: [COLLECT_GCC_OPTIONS='-v' '-o' 'cmTryCompileExec3347161943' '-rdynamic' '-march=armv6' '-mfloat-abi=hard' '-mfpu=vfp']
  link line: [ /usr/lib/gcc/arm-linux-gnueabihf/4.6/collect2 --sysroot=/ --build-id --no-add-needed --eh-frame-hdr -export-dynamic -dynamic-linker /lib/ld-linux-armhf.so.3 -X --hash-style=both -m armelf_linux_eabi -o cmTryCompileExec3347161943 /usr/lib/gcc/arm-linux-gnueabihf/4.6/../../../arm-linux-gnueabihf/crt1.o /usr/lib/gcc/arm-linux-gnueabihf/4.6/../../../arm-linux-gnueabihf/crti.o /usr/lib/gcc/arm-linux-gnueabihf/4.6/crtbegin.o -L/usr/lib/gcc/arm-linux-gnueabihf/4.6 -L/usr/lib/gcc/arm-linux-gnueabihf/4.6/../../../arm-linux-gnueabihf -L/usr/lib/gcc/arm-linux-gnueabihf/4.6/../../.. -L/lib/arm-linux-gnueabihf -L/usr/lib/arm-linux-gnueabihf CMakeFiles/cmTryCompileExec3347161943.dir/CMakeCCompilerABI.c.o -lgcc --as-needed -lgcc_s --no-as-needed -lc -lgcc --as-needed -lgcc_s --no-as-needed /usr/lib/gcc/arm-linux-gnueabihf/4.6/crtend.o /usr/lib/gcc/arm-linux-gnueabihf/4.6/../../../arm-linux-gnueabihf/crtn.o]
    arg [/usr/lib/gcc/arm-linux-gnueabihf/4.6/collect2] ==> ignore
    arg [--sysroot=/] ==> ignore
    arg [--build-id] ==> ignore
    arg [--no-add-needed] ==> ignore
    arg [--eh-frame-hdr] ==> ignore
    arg [-export-dynamic] ==> ignore
    arg [-dynamic-linker] ==> ignore
    arg [/lib/ld-linux-armhf.so.3] ==> ignore
    arg [-X] ==> ignore
    arg [--hash-style=both] ==> ignore
    arg [-m] ==> ignore
    arg [armelf_linux_eabi] ==> ignore
    arg [-o] ==> ignore
    arg [cmTryCompileExec3347161943] ==> ignore
    arg [/usr/lib/gcc/arm-linux-gnueabihf/4.6/../../../arm-linux-gnueabihf/crt1.o] ==> ignore
    arg [/usr/lib/gcc/arm-linux-gnueabihf/4.6/../../../arm-linux-gnueabihf/crti.o] ==> ignore
    arg [/usr/lib/gcc/arm-linux-gnueabihf/4.6/crtbegin.o] ==> ignore
    arg [-L/usr/lib/gcc/arm-linux-gnueabihf/4.6] ==> dir [/usr/lib/gcc/arm-linux-gnueabihf/4.6]
    arg [-L/usr/lib/gcc/arm-linux-gnueabihf/4.6/../../../arm-linux-gnueabihf] ==> dir [/usr/lib/gcc/arm-linux-gnueabihf/4.6/../../../arm-linux-gnueabihf]
    arg [-L/usr/lib/gcc/arm-linux-gnueabihf/4.6/../../..] ==> dir [/usr/lib/gcc/arm-linux-gnueabihf/4.6/../../..]
    arg [-L/lib/arm-linux-gnueabihf] ==> dir [/lib/arm-linux-gnueabihf]
    arg [-L/usr/lib/arm-linux-gnueabihf] ==> dir [/usr/lib/arm-linux-gnueabihf]
    arg [CMakeFiles/cmTryCompileExec3347161943.dir/CMakeCCompilerABI.c.o] ==> ignore
    arg [-lgcc] ==> lib [gcc]
    arg [--as-needed] ==> ignore
    arg [-lgcc_s] ==> lib [gcc_s]
    arg [--no-as-needed] ==> ignore
    arg [-lc] ==> lib [c]
    arg [-lgcc] ==> lib [gcc]
    arg [--as-needed] ==> ignore
    arg [-lgcc_s] ==> lib [gcc_s]
    arg [--no-as-needed] ==> ignore
    arg [/usr/lib/gcc/arm-linux-gnueabihf/4.6/crtend.o] ==> ignore
    arg [/usr/lib/gcc/arm-linux-gnueabihf/4.6/../../../arm-linux-gnueabihf/crtn.o] ==> ignore
  remove lib [gcc]
  remove lib [gcc_s]
  remove lib [gcc]
  remove lib [gcc_s]
  collapse dir [/usr/lib/gcc/arm-linux-gnueabihf/4.6] ==> [/usr/lib/gcc/arm-linux-gnueabihf/4.6]
  collapse dir [/usr/lib/gcc/arm-linux-gnueabihf/4.6/../../../arm-linux-gnueabihf] ==> [/usr/lib/arm-linux-gnueabihf]
  collapse dir [/usr/lib/gcc/arm-linux-gnueabihf/4.6/../../..] ==> [/usr/lib]
  collapse dir [/lib/arm-linux-gnueabihf] ==> [/lib/arm-linux-gnueabihf]
  collapse dir [/usr/lib/arm-linux-gnueabihf] ==> [/usr/lib/arm-linux-gnueabihf]
  implicit libs: [c]
  implicit dirs: [/usr/lib/gcc/arm-linux-gnueabihf/4.6;/usr/lib/arm-linux-gnueabihf;/usr/lib;/lib/arm-linux-gnueabihf]


Determining if the CXX compiler works passed with the following output:
Change Dir: /home/megaf/MinetestPi-Raspbian/build/raspberrypi/CMakeFiles/CMakeTmp

Run Build Command:/usr/bin/make "cmTryCompileExec4127412116/fast"
/usr/bin/make -f CMakeFiles/cmTryCompileExec4127412116.dir/build.make CMakeFiles/cmTryCompileExec4127412116.dir/build
make[1]: Entering directory '/home/megaf/MinetestPi-Raspbian/build/raspberrypi/CMakeFiles/CMakeTmp'
/usr/bin/cmake -E cmake_progress_report /home/megaf/MinetestPi-Raspbian/build/raspberrypi/CMakeFiles/CMakeTmp/CMakeFiles 1
Building CXX object CMakeFiles/cmTryCompileExec4127412116.dir/testCXXCompiler.cxx.o
/usr/bin/c++     -o CMakeFiles/cmTryCompileExec4127412116.dir/testCXXCompiler.cxx.o -c /home/megaf/MinetestPi-Raspbian/build/raspberrypi/CMakeFiles/CMakeTmp/testCXXCompiler.cxx
Linking CXX executable cmTryCompileExec4127412116
/usr/bin/cmake -E cmake_link_script CMakeFiles/cmTryCompileExec4127412116.dir/link.txt --verbose=1
/usr/bin/c++          CMakeFiles/cmTryCompileExec4127412116.dir/testCXXCompiler.cxx.o  -o cmTryCompileExec4127412116 -rdynamic 
make[1]: Leaving directory '/home/megaf/MinetestPi-Raspbian/build/raspberrypi/CMakeFiles/CMakeTmp'


Detecting CXX compiler ABI info compiled with the following output:
Change Dir: /home/megaf/MinetestPi-Raspbian/build/raspberrypi/CMakeFiles/CMakeTmp

Run Build Command:/usr/bin/make "cmTryCompileExec3841960369/fast"
/usr/bin/make -f CMakeFiles/cmTryCompileExec3841960369.dir/build.make CMakeFiles/cmTryCompileExec3841960369.dir/build
make[1]: Entering directory '/home/megaf/MinetestPi-Raspbian/build/raspberrypi/CMakeFiles/CMakeTmp'
/usr/bin/cmake -E cmake_progress_report /home/megaf/MinetestPi-Raspbian/build/raspberrypi/CMakeFiles/CMakeTmp/CMakeFiles 1
Building CXX object CMakeFiles/cmTryCompileExec3841960369.dir/CMakeCXXCompilerABI.cpp.o
/usr/bin/c++     -o CMakeFiles/cmTryCompileExec3841960369.dir/CMakeCXXCompilerABI.cpp.o -c /usr/share/cmake-2.8/Modules/CMakeCXXCompilerABI.cpp
Linking CXX executable cmTryCompileExec3841960369
/usr/bin/cmake -E cmake_link_script CMakeFiles/cmTryCompileExec3841960369.dir/link.txt --verbose=1
/usr/bin/c++        -v CMakeFiles/cmTryCompileExec3841960369.dir/CMakeCXXCompilerABI.cpp.o  -o cmTryCompileExec3841960369 -rdynamic  
Using built-in specs.
COLLECT_GCC=/usr/bin/c++
COLLECT_LTO_WRAPPER=/usr/lib/gcc/arm-linux-gnueabihf/4.6/lto-wrapper
Target: arm-linux-gnueabihf
Configured with: ../src/configure -v --with-pkgversion='Debian 4.6.3-14+rpi1' --with-bugurl=file:///usr/share/doc/gcc-4.6/README.Bugs --enable-languages=c,c++,fortran,objc,obj-c++ --prefix=/usr --program-suffix=-4.6 --enable-shared --enable-linker-build-id --with-system-zlib --libexecdir=/usr/lib --without-included-gettext --enable-threads=posix --with-gxx-include-dir=/usr/include/c++/4.6 --libdir=/usr/lib --enable-nls --with-sysroot=/ --enable-clocale=gnu --enable-libstdcxx-debug --enable-libstdcxx-time=yes --enable-gnu-unique-object --enable-plugin --enable-objc-gc --disable-sjlj-exceptions --with-arch=armv6 --with-fpu=vfp --with-float=hard --enable-checking=release --build=arm-linux-gnueabihf --host=arm-linux-gnueabihf --target=arm-linux-gnueabihf
Thread model: posix
gcc version 4.6.3 (Debian 4.6.3-14+rpi1) 
COMPILER_PATH=/usr/lib/gcc/arm-linux-gnueabihf/4.6/:/usr/lib/gcc/arm-linux-gnueabihf/4.6/:/usr/lib/gcc/arm-linux-gnueabihf/:/usr/lib/gcc/arm-linux-gnueabihf/4.6/:/usr/lib/gcc/arm-linux-gnueabihf/
LIBRARY_PATH=/usr/lib/gcc/arm-linux-gnueabihf/4.6/:/usr/lib/gcc/arm-linux-gnueabihf/4.6/../../../arm-linux-gnueabihf/:/usr/lib/gcc/arm-linux-gnueabihf/4.6/../../../:/lib/arm-linux-gnueabihf/:/lib/:/usr/lib/arm-linux-gnueabihf/:/usr/lib/
COLLECT_GCC_OPTIONS='-v' '-o' 'cmTryCompileExec3841960369' '-rdynamic' '-shared-libgcc' '-march=armv6' '-mfloat-abi=hard' '-mfpu=vfp'
 /usr/lib/gcc/arm-linux-gnueabihf/4.6/collect2 --sysroot=/ --build-id --no-add-needed --eh-frame-hdr -export-dynamic -dynamic-linker /lib/ld-linux-armhf.so.3 -X --hash-style=both -m armelf_linux_eabi -o cmTryCompileExec3841960369 /usr/lib/gcc/arm-linux-gnueabihf/4.6/../../../arm-linux-gnueabihf/crt1.o /usr/lib/gcc/arm-linux-gnueabihf/4.6/../../../arm-linux-gnueabihf/crti.o /usr/lib/gcc/arm-linux-gnueabihf/4.6/crtbegin.o -L/usr/lib/gcc/arm-linux-gnueabihf/4.6 -L/usr/lib/gcc/arm-linux-gnueabihf/4.6/../../../arm-linux-gnueabihf -L/usr/lib/gcc/arm-linux-gnueabihf/4.6/../../.. -L/lib/arm-linux-gnueabihf -L/usr/lib/arm-linux-gnueabihf CMakeFiles/cmTryCompileExec3841960369.dir/CMakeCXXCompilerABI.cpp.o -lstdc++ -lm -lgcc_s -lgcc -lc -lgcc_s -lgcc /usr/lib/gcc/arm-linux-gnueabihf/4.6/crtend.o /usr/lib/gcc/arm-linux-gnueabihf/4.6/../../../arm-linux-gnueabihf/crtn.o
make[1]: Leaving directory '/home/megaf/MinetestPi-Raspbian/build/raspberrypi/CMakeFiles/CMakeTmp'


Parsed CXX implicit link information from above output:
  link line regex: [^( *|.*[/\])(ld|ld|collect2)[^/\]*( |$)]
  ignore line: [Change Dir: /home/megaf/MinetestPi-Raspbian/build/raspberrypi/CMakeFiles/CMakeTmp]
  ignore line: []
  ignore line: [Run Build Command:/usr/bin/make "cmTryCompileExec3841960369/fast"]
  ignore line: [/usr/bin/make -f CMakeFiles/cmTryCompileExec3841960369.dir/build.make CMakeFiles/cmTryCompileExec3841960369.dir/build]
  ignore line: [make[1]: Entering directory '/home/megaf/MinetestPi-Raspbian/build/raspberrypi/CMakeFiles/CMakeTmp']
  ignore line: [/usr/bin/cmake -E cmake_progress_report /home/megaf/MinetestPi-Raspbian/build/raspberrypi/CMakeFiles/CMakeTmp/CMakeFiles 1]
  ignore line: [Building CXX object CMakeFiles/cmTryCompileExec3841960369.dir/CMakeCXXCompilerABI.cpp.o]
  ignore line: [/usr/bin/c++     -o CMakeFiles/cmTryCompileExec3841960369.dir/CMakeCXXCompilerABI.cpp.o -c /usr/share/cmake-2.8/Modules/CMakeCXXCompilerABI.cpp]
  ignore line: [Linking CXX executable cmTryCompileExec3841960369]
  ignore line: [/usr/bin/cmake -E cmake_link_script CMakeFiles/cmTryCompileExec3841960369.dir/link.txt --verbose=1]
  ignore line: [/usr/bin/c++        -v CMakeFiles/cmTryCompileExec3841960369.dir/CMakeCXXCompilerABI.cpp.o  -o cmTryCompileExec3841960369 -rdynamic  ]
  ignore line: [Using built-in specs.]
  ignore line: [COLLECT_GCC=/usr/bin/c++]
  ignore line: [COLLECT_LTO_WRAPPER=/usr/lib/gcc/arm-linux-gnueabihf/4.6/lto-wrapper]
  ignore line: [Target: arm-linux-gnueabihf]
  ignore line: [Configured with: ../src/configure -v --with-pkgversion='Debian 4.6.3-14+rpi1' --with-bugurl=file:///usr/share/doc/gcc-4.6/README.Bugs --enable-languages=c,c++,fortran,objc,obj-c++ --prefix=/usr --program-suffix=-4.6 --enable-shared --enable-linker-build-id --with-system-zlib --libexecdir=/usr/lib --without-included-gettext --enable-threads=posix --with-gxx-include-dir=/usr/include/c++/4.6 --libdir=/usr/lib --enable-nls --with-sysroot=/ --enable-clocale=gnu --enable-libstdcxx-debug --enable-libstdcxx-time=yes --enable-gnu-unique-object --enable-plugin --enable-objc-gc --disable-sjlj-exceptions --with-arch=armv6 --with-fpu=vfp --with-float=hard --enable-checking=release --build=arm-linux-gnueabihf --host=arm-linux-gnueabihf --target=arm-linux-gnueabihf]
  ignore line: [Thread model: posix]
  ignore line: [gcc version 4.6.3 (Debian 4.6.3-14+rpi1) ]
  ignore line: [COMPILER_PATH=/usr/lib/gcc/arm-linux-gnueabihf/4.6/:/usr/lib/gcc/arm-linux-gnueabihf/4.6/:/usr/lib/gcc/arm-linux-gnueabihf/:/usr/lib/gcc/arm-linux-gnueabihf/4.6/:/usr/lib/gcc/arm-linux-gnueabihf/]
  ignore line: [LIBRARY_PATH=/usr/lib/gcc/arm-linux-gnueabihf/4.6/:/usr/lib/gcc/arm-linux-gnueabihf/4.6/../../../arm-linux-gnueabihf/:/usr/lib/gcc/arm-linux-gnueabihf/4.6/../../../:/lib/arm-linux-gnueabihf/:/lib/:/usr/lib/arm-linux-gnueabihf/:/usr/lib/]
  ignore line: [COLLECT_GCC_OPTIONS='-v' '-o' 'cmTryCompileExec3841960369' '-rdynamic' '-shared-libgcc' '-march=armv6' '-mfloat-abi=hard' '-mfpu=vfp']
  link line: [ /usr/lib/gcc/arm-linux-gnueabihf/4.6/collect2 --sysroot=/ --build-id --no-add-needed --eh-frame-hdr -export-dynamic -dynamic-linker /lib/ld-linux-armhf.so.3 -X --hash-style=both -m armelf_linux_eabi -o cmTryCompileExec3841960369 /usr/lib/gcc/arm-linux-gnueabihf/4.6/../../../arm-linux-gnueabihf/crt1.o /usr/lib/gcc/arm-linux-gnueabihf/4.6/../../../arm-linux-gnueabihf/crti.o /usr/lib/gcc/arm-linux-gnueabihf/4.6/crtbegin.o -L/usr/lib/gcc/arm-linux-gnueabihf/4.6 -L/usr/lib/gcc/arm-linux-gnueabihf/4.6/../../../arm-linux-gnueabihf -L/usr/lib/gcc/arm-linux-gnueabihf/4.6/../../.. -L/lib/arm-linux-gnueabihf -L/usr/lib/arm-linux-gnueabihf CMakeFiles/cmTryCompileExec3841960369.dir/CMakeCXXCompilerABI.cpp.o -lstdc++ -lm -lgcc_s -lgcc -lc -lgcc_s -lgcc /usr/lib/gcc/arm-linux-gnueabihf/4.6/crtend.o /usr/lib/gcc/arm-linux-gnueabihf/4.6/../../../arm-linux-gnueabihf/crtn.o]
    arg [/usr/lib/gcc/arm-linux-gnueabihf/4.6/collect2] ==> ignore
    arg [--sysroot=/] ==> ignore
    arg [--build-id] ==> ignore
    arg [--no-add-needed] ==> ignore
    arg [--eh-frame-hdr] ==> ignore
    arg [-export-dynamic] ==> ignore
    arg [-dynamic-linker] ==> ignore
    arg [/lib/ld-linux-armhf.so.3] ==> ignore
    arg [-X] ==> ignore
    arg [--hash-style=both] ==> ignore
    arg [-m] ==> ignore
    arg [armelf_linux_eabi] ==> ignore
    arg [-o] ==> ignore
    arg [cmTryCompileExec3841960369] ==> ignore
    arg [/usr/lib/gcc/arm-linux-gnueabihf/4.6/../../../arm-linux-gnueabihf/crt1.o] ==> ignore
    arg [/usr/lib/gcc/arm-linux-gnueabihf/4.6/../../../arm-linux-gnueabihf/crti.o] ==> ignore
    arg [/usr/lib/gcc/arm-linux-gnueabihf/4.6/crtbegin.o] ==> ignore
    arg [-L/usr/lib/gcc/arm-linux-gnueabihf/4.6] ==> dir [/usr/lib/gcc/arm-linux-gnueabihf/4.6]
    arg [-L/usr/lib/gcc/arm-linux-gnueabihf/4.6/../../../arm-linux-gnueabihf] ==> dir [/usr/lib/gcc/arm-linux-gnueabihf/4.6/../../../arm-linux-gnueabihf]
    arg [-L/usr/lib/gcc/arm-linux-gnueabihf/4.6/../../..] ==> dir [/usr/lib/gcc/arm-linux-gnueabihf/4.6/../../..]
    arg [-L/lib/arm-linux-gnueabihf] ==> dir [/lib/arm-linux-gnueabihf]
    arg [-L/usr/lib/arm-linux-gnueabihf] ==> dir [/usr/lib/arm-linux-gnueabihf]
    arg [CMakeFiles/cmTryCompileExec3841960369.dir/CMakeCXXCompilerABI.cpp.o] ==> ignore
    arg [-lstdc++] ==> lib [stdc++]
    arg [-lm] ==> lib [m]
    arg [-lgcc_s] ==> lib [gcc_s]
    arg [-lgcc] ==> lib [gcc]
    arg [-lc] ==> lib [c]
    arg [-lgcc_s] ==> lib [gcc_s]
    arg [-lgcc] ==> lib [gcc]
    arg [/usr/lib/gcc/arm-linux-gnueabihf/4.6/crtend.o] ==> ignore
    arg [/usr/lib/gcc/arm-linux-gnueabihf/4.6/../../../arm-linux-gnueabihf/crtn.o] ==> ignore
  remove lib [gcc_s]
  remove lib [gcc]
  remove lib [gcc_s]
  remove lib [gcc]
  collapse dir [/usr/lib/gcc/arm-linux-gnueabihf/4.6] ==> [/usr/lib/gcc/arm-linux-gnueabihf/4.6]
  collapse dir [/usr/lib/gcc/arm-linux-gnueabihf/4.6/../../../arm-linux-gnueabihf] ==> [/usr/lib/arm-linux-gnueabihf]
  collapse dir [/usr/lib/gcc/arm-linux-gnueabihf/4.6/../../..] ==> [/usr/lib]
  collapse dir [/lib/arm-linux-gnueabihf] ==> [/lib/arm-linux-gnueabihf]
  collapse dir [/usr/lib/arm-linux-gnueabihf] ==> [/usr/lib/arm-linux-gnueabihf]
  implicit libs: [stdc++;m;c]
  implicit dirs: [/usr/lib/gcc/arm-linux-gnueabihf/4.6;/usr/lib/arm-linux-gnueabihf;/usr/lib;/lib/arm-linux-gnueabihf]


Determining if the function XOpenDisplay exists in the /usr/lib/arm-linux-gnueabihf/libX11.so;/usr/lib/arm-linux-gnueabihf/libXext.so passed with the following output:
Change Dir: /home/megaf/MinetestPi-Raspbian/build/raspberrypi/CMakeFiles/CMakeTmp

Run Build Command:/usr/bin/make "cmTryCompileExec3368012189/fast"
/usr/bin/make -f CMakeFiles/cmTryCompileExec3368012189.dir/build.make CMakeFiles/cmTryCompileExec3368012189.dir/build
make[1]: Entering directory '/home/megaf/MinetestPi-Raspbian/build/raspberrypi/CMakeFiles/CMakeTmp'
/usr/bin/cmake -E cmake_progress_report /home/megaf/MinetestPi-Raspbian/build/raspberrypi/CMakeFiles/CMakeTmp/CMakeFiles 1
Building C object CMakeFiles/cmTryCompileExec3368012189.dir/CheckFunctionExists.c.o
/usr/bin/gcc   -DCHECK_FUNCTION_EXISTS=XOpenDisplay   -o CMakeFiles/cmTryCompileExec3368012189.dir/CheckFunctionExists.c.o   -c /usr/share/cmake-2.8/Modules/CheckFunctionExists.c
Linking C executable cmTryCompileExec3368012189
/usr/bin/cmake -E cmake_link_script CMakeFiles/cmTryCompileExec3368012189.dir/link.txt --verbose=1
/usr/bin/gcc     -DCHECK_FUNCTION_EXISTS=XOpenDisplay    CMakeFiles/cmTryCompileExec3368012189.dir/CheckFunctionExists.c.o  -o cmTryCompileExec3368012189 -rdynamic -lX11 -lXext 
make[1]: Leaving directory '/home/megaf/MinetestPi-Raspbian/build/raspberrypi/CMakeFiles/CMakeTmp'


Determining if the function gethostbyname exists passed with the following output:
Change Dir: /home/megaf/MinetestPi-Raspbian/build/raspberrypi/CMakeFiles/CMakeTmp

Run Build Command:/usr/bin/make "cmTryCompileExec756303418/fast"
/usr/bin/make -f CMakeFiles/cmTryCompileExec756303418.dir/build.make CMakeFiles/cmTryCompileExec756303418.dir/build
make[1]: Entering directory '/home/megaf/MinetestPi-Raspbian/build/raspberrypi/CMakeFiles/CMakeTmp'
/usr/bin/cmake -E cmake_progress_report /home/megaf/MinetestPi-Raspbian/build/raspberrypi/CMakeFiles/CMakeTmp/CMakeFiles 1
Building C object CMakeFiles/cmTryCompileExec756303418.dir/CheckFunctionExists.c.o
/usr/bin/gcc   -DCHECK_FUNCTION_EXISTS=gethostbyname   -o CMakeFiles/cmTryCompileExec756303418.dir/CheckFunctionExists.c.o   -c /usr/share/cmake-2.8/Modules/CheckFunctionExists.c
Linking C executable cmTryCompileExec756303418
/usr/bin/cmake -E cmake_link_script CMakeFiles/cmTryCompileExec756303418.dir/link.txt --verbose=1
/usr/bin/gcc     -DCHECK_FUNCTION_EXISTS=gethostbyname    CMakeFiles/cmTryCompileExec756303418.dir/CheckFunctionExists.c.o  -o cmTryCompileExec756303418 -rdynamic 
make[1]: Leaving directory '/home/megaf/MinetestPi-Raspbian/build/raspberrypi/CMakeFiles/CMakeTmp'


Determining if the function connect exists passed with the following output:
Change Dir: /home/megaf/MinetestPi-Raspbian/build/raspberrypi/CMakeFiles/CMakeTmp

Run Build Command:/usr/bin/make "cmTryCompileExec2803684844/fast"
/usr/bin/make -f CMakeFiles/cmTryCompileExec2803684844.dir/build.make CMakeFiles/cmTryCompileExec2803684844.dir/build
make[1]: Entering directory '/home/megaf/MinetestPi-Raspbian/build/raspberrypi/CMakeFiles/CMakeTmp'
/usr/bin/cmake -E cmake_progress_report /home/megaf/MinetestPi-Raspbian/build/raspberrypi/CMakeFiles/CMakeTmp/CMakeFiles 1
Building C object CMakeFiles/cmTryCompileExec2803684844.dir/CheckFunctionExists.c.o
/usr/bin/gcc   -DCHECK_FUNCTION_EXISTS=connect   -o CMakeFiles/cmTryCompileExec2803684844.dir/CheckFunctionExists.c.o   -c /usr/share/cmake-2.8/Modules/CheckFunctionExists.c
Linking C executable cmTryCompileExec2803684844
/usr/bin/cmake -E cmake_link_script CMakeFiles/cmTryCompileExec2803684844.dir/link.txt --verbose=1
/usr/bin/gcc     -DCHECK_FUNCTION_EXISTS=connect    CMakeFiles/cmTryCompileExec2803684844.dir/CheckFunctionExists.c.o  -o cmTryCompileExec2803684844 -rdynamic 
make[1]: Leaving directory '/home/megaf/MinetestPi-Raspbian/build/raspberrypi/CMakeFiles/CMakeTmp'


Determining if the function remove exists passed with the following output:
Change Dir: /home/megaf/MinetestPi-Raspbian/build/raspberrypi/CMakeFiles/CMakeTmp

Run Build Command:/usr/bin/make "cmTryCompileExec1126510679/fast"
/usr/bin/make -f CMakeFiles/cmTryCompileExec1126510679.dir/build.make CMakeFiles/cmTryCompileExec1126510679.dir/build
make[1]: Entering directory '/home/megaf/MinetestPi-Raspbian/build/raspberrypi/CMakeFiles/CMakeTmp'
/usr/bin/cmake -E cmake_progress_report /home/megaf/MinetestPi-Raspbian/build/raspberrypi/CMakeFiles/CMakeTmp/CMakeFiles 1
Building C object CMakeFiles/cmTryCompileExec1126510679.dir/CheckFunctionExists.c.o
/usr/bin/gcc   -DCHECK_FUNCTION_EXISTS=remove   -o CMakeFiles/cmTryCompileExec1126510679.dir/CheckFunctionExists.c.o   -c /usr/share/cmake-2.8/Modules/CheckFunctionExists.c
Linking C executable cmTryCompileExec1126510679
/usr/bin/cmake -E cmake_link_script CMakeFiles/cmTryCompileExec1126510679.dir/link.txt --verbose=1
/usr/bin/gcc     -DCHECK_FUNCTION_EXISTS=remove    CMakeFiles/cmTryCompileExec1126510679.dir/CheckFunctionExists.c.o  -o cmTryCompileExec1126510679 -rdynamic 
make[1]: Leaving directory '/home/megaf/MinetestPi-Raspbian/build/raspberrypi/CMakeFiles/CMakeTmp'


Determining if the function shmat exists passed with the following output:
Change Dir: /home/megaf/MinetestPi-Raspbian/build/raspberrypi/CMakeFiles/CMakeTmp

Run Build Command:/usr/bin/make "cmTryCompileExec3898459841/fast"
/usr/bin/make -f CMakeFiles/cmTryCompileExec3898459841.dir/build.make CMakeFiles/cmTryCompileExec3898459841.dir/build
make[1]: Entering directory '/home/megaf/MinetestPi-Raspbian/build/raspberrypi/CMakeFiles/CMakeTmp'
/usr/bin/cmake -E cmake_progress_report /home/megaf/MinetestPi-Raspbian/build/raspberrypi/CMakeFiles/CMakeTmp/CMakeFiles 1
Building C object CMakeFiles/cmTryCompileExec3898459841.dir/CheckFunctionExists.c.o
/usr/bin/gcc   -DCHECK_FUNCTION_EXISTS=shmat   -o CMakeFiles/cmTryCompileExec3898459841.dir/CheckFunctionExists.c.o   -c /usr/share/cmake-2.8/Modules/CheckFunctionExists.c
Linking C executable cmTryCompileExec3898459841
/usr/bin/cmake -E cmake_link_script CMakeFiles/cmTryCompileExec3898459841.dir/link.txt --verbose=1
/usr/bin/gcc     -DCHECK_FUNCTION_EXISTS=shmat    CMakeFiles/cmTryCompileExec3898459841.dir/CheckFunctionExists.c.o  -o cmTryCompileExec3898459841 -rdynamic 
make[1]: Leaving directory '/home/megaf/MinetestPi-Raspbian/build/raspberrypi/CMakeFiles/CMakeTmp'


Determining if the function BZ2_bzCompressInit exists in the /usr/lib/arm-linux-gnueabihf/libbz2.so passed with the following output:
Change Dir: /home/megaf/MinetestPi-Raspbian/build/raspberrypi/CMakeFiles/CMakeTmp

Run Build Command:/usr/bin/make "cmTryCompileExec310889062/fast"
/usr/bin/make -f CMakeFiles/cmTryCompileExec310889062.dir/build.make CMakeFiles/cmTryCompileExec310889062.dir/build
make[1]: Entering directory '/home/megaf/MinetestPi-Raspbian/build/raspberrypi/CMakeFiles/CMakeTmp'
/usr/bin/cmake -E cmake_progress_report /home/megaf/MinetestPi-Raspbian/build/raspberrypi/CMakeFiles/CMakeTmp/CMakeFiles 1
Building C object CMakeFiles/cmTryCompileExec310889062.dir/CheckFunctionExists.c.o
/usr/bin/gcc   -DCHECK_FUNCTION_EXISTS=BZ2_bzCompressInit   -o CMakeFiles/cmTryCompileExec310889062.dir/CheckFunctionExists.c.o   -c /usr/share/cmake-2.8/Modules/CheckFunctionExists.c
Linking C executable cmTryCompileExec310889062
/usr/bin/cmake -E cmake_link_script CMakeFiles/cmTryCompileExec310889062.dir/link.txt --verbose=1
/usr/bin/gcc     -DCHECK_FUNCTION_EXISTS=BZ2_bzCompressInit    CMakeFiles/cmTryCompileExec310889062.dir/CheckFunctionExists.c.o  -o cmTryCompileExec310889062 -rdynamic -lbz2 
make[1]: Leaving directory '/home/megaf/MinetestPi-Raspbian/build/raspberrypi/CMakeFiles/CMakeTmp'


Performing C SOURCE FILE Test VALID_LUAJIT_VERSION succeded with the following output:
Change Dir: /home/megaf/MinetestPi-Raspbian/build/raspberrypi/CMakeFiles/CMakeTmp

Run Build Command:/usr/bin/make "cmTryCompileExec3922082042/fast"
/usr/bin/make -f CMakeFiles/cmTryCompileExec3922082042.dir/build.make CMakeFiles/cmTryCompileExec3922082042.dir/build
make[1]: Entering directory '/home/megaf/MinetestPi-Raspbian/build/raspberrypi/CMakeFiles/CMakeTmp'
/usr/bin/cmake -E cmake_progress_report /home/megaf/MinetestPi-Raspbian/build/raspberrypi/CMakeFiles/CMakeTmp/CMakeFiles 1
Building C object CMakeFiles/cmTryCompileExec3922082042.dir/src.c.o
/usr/bin/gcc   -DVALID_LUAJIT_VERSION -I/usr/local/include/luajit-2.0    -o CMakeFiles/cmTryCompileExec3922082042.dir/src.c.o   -c /home/megaf/MinetestPi-Raspbian/build/raspberrypi/CMakeFiles/CMakeTmp/src.c
Linking C executable cmTryCompileExec3922082042
/usr/bin/cmake -E cmake_link_script CMakeFiles/cmTryCompileExec3922082042.dir/link.txt --verbose=1
/usr/bin/gcc     -DVALID_LUAJIT_VERSION    CMakeFiles/cmTryCompileExec3922082042.dir/src.c.o  -o cmTryCompileExec3922082042 -rdynamic 
make[1]: Leaving directory '/home/megaf/MinetestPi-Raspbian/build/raspberrypi/CMakeFiles/CMakeTmp'

Return value: 1
Source file was:

			#include <luajit.h>
			#include <stdio.h>
			#include <string.h>

			#define ARRAYSIZE(a) (sizeof(a) / sizeof((a)[0]))

			static char *broken_luajit_versions[] = {
					"LuaJIT 2.0.0-beta7",
					"LuaJIT 2.0.0-beta6",
					"LuaJIT 2.0.0-beta5",
					"LuaJIT 2.0.0-beta4",
					"LuaJIT 2.0.0-beta3",
					"LuaJIT 2.0.0-beta2",
					"LuaJIT 2.0.0-beta1"
			};

			int main(int argc, char *argv[]) {
				unsigned int i;
				for (i = 0; i < ARRAYSIZE(broken_luajit_versions); i++) {
					if (strcmp(LUAJIT_VERSION, broken_luajit_versions[i]) == 0) {
						return 1;
					}
				}
				return 0;
			}
			
Performing C++ SOURCE FILE Test HAS_UNUSED_BUT_SET_VARIABLE_WARNING succeded with the following output:
Change Dir: /home/megaf/MinetestPi-Raspbian/build/raspberrypi/CMakeFiles/CMakeTmp

Run Build Command:/usr/bin/make "cmTryCompileExec3477497800/fast"
/usr/bin/make -f CMakeFiles/cmTryCompileExec3477497800.dir/build.make CMakeFiles/cmTryCompileExec3477497800.dir/build
make[1]: Entering directory '/home/megaf/MinetestPi-Raspbian/build/raspberrypi/CMakeFiles/CMakeTmp'
/usr/bin/cmake -E cmake_progress_report /home/megaf/MinetestPi-Raspbian/build/raspberrypi/CMakeFiles/CMakeTmp/CMakeFiles 1
Building CXX object CMakeFiles/cmTryCompileExec3477497800.dir/src.cxx.o
/usr/bin/c++    -DHAS_UNUSED_BUT_SET_VARIABLE_WARNING -I/home/megaf/MinetestPi-Raspbian/build/raspberrypi/CMakeFiles/CMakeTmp/BACKUP_REQUIRED_INCS    -Wno-unused-but-set-variable -o CMakeFiles/cmTryCompileExec3477497800.dir/src.cxx.o -c /home/megaf/MinetestPi-Raspbian/build/raspberrypi/CMakeFiles/CMakeTmp/src.cxx
Linking CXX executable cmTryCompileExec3477497800
/usr/bin/cmake -E cmake_link_script CMakeFiles/cmTryCompileExec3477497800.dir/link.txt --verbose=1
/usr/bin/c++      -DHAS_UNUSED_BUT_SET_VARIABLE_WARNING    CMakeFiles/cmTryCompileExec3477497800.dir/src.cxx.o  -o cmTryCompileExec3477497800 -rdynamic 
make[1]: Leaving directory '/home/megaf/MinetestPi-Raspbian/build/raspberrypi/CMakeFiles/CMakeTmp'

Source file was:
int main() { return 0;}
